<?xml version="1.0" encoding="UTF-8"?>
<testsuite xmlns:xsi="http://www.w3.org/2001/XMLSchema-instance" xsi:noNamespaceSchemaLocation="https://maven.apache.org/surefire/maven-surefire-plugin/xsd/surefire-test-report-3.0.xsd" version="3.0" name="vcp.np.usermanagement.UsermanagementApplicationTests" time="6.966" tests="1" errors="0" skipped="0" failures="0">
  <properties>
[...]
</properties>
  <testcase name="contextLoads" classname="vcp.np.usermanagement.UsermanagementApplicationTests" time="0.593">
    <system-out><![CDATA[21:53:51.613 [main] INFO org.springframework.test.context.support.AnnotationConfigContextLoaderUtils -- Could not detect default configuration classes for test class [vcp.np.usermanagement.UsermanagementApplicationTests]: UsermanagementApplicationTests does not declare any static, non-private, non-final, nested classes annotated with @Configuration.
21:53:51.721 [main] INFO org.springframework.boot.test.context.SpringBootTestContextBootstrapper -- Found @SpringBootConfiguration vcp.np.usermanagement.UsermanagementApplication for test class vcp.np.usermanagement.UsermanagementApplicationTests
21:53:51.891 [main] INFO org.springframework.boot.devtools.restart.RestartApplicationListener -- Restart disabled due to context in which it is running

  .   ____          _            __ _ _
 /\\ / ___'_ __ _ _(_)_ __  __ _ \ \ \ \
( ( )\___ | '_ | '_| | '_ \/ _` | \ \ \ \
 \\/  ___)| |_)| | | | | || (_| |  ) ) ) )
  '  |____| .__|_| |_|_| |_\__, | / / / /
 =========|_|==============|___/=/_/_/_/
 :: Spring Boot ::                (v3.2.1)

2024-04-17T21:53:52.226+05:45  INFO 15924 --- [usermanagement] [           main] v.n.u.UsermanagementApplicationTests     : Starting UsermanagementApplicationTests using Java 21.0.1 with PID 15924 (started by gaman in E:\Repositories\usermanagement)
2024-04-17T21:53:52.228+05:45  INFO 15924 --- [usermanagement] [           main] v.n.u.UsermanagementApplicationTests     : No active profile set, falling back to 1 default profile: "default"
2024-04-17T21:53:52.954+05:45  INFO 15924 --- [usermanagement] [           main] .s.d.r.c.RepositoryConfigurationDelegate : Bootstrapping Spring Data JPA repositories in DEFAULT mode.
2024-04-17T21:53:53.016+05:45  INFO 15924 --- [usermanagement] [           main] .s.d.r.c.RepositoryConfigurationDelegate : Finished Spring Data repository scanning in 50 ms. Found 8 JPA repository interfaces.

User Management Application


:::::::::: Loading external config :::::::::::
Not found: environment name
Reading property: 'external.config.basePath' - value:'E:\Repositories\external_config_files'
Reading property: 'external.config.filename' - value:'um_external_file.yaml'
Loading external config file from: 'E:\Repositories\external_config_files\um_external_file.yaml' ...
externalConfig:{cas.baseUrl=http://cas.<environment>.vcp.com, mail.sender.address=vcp.official.dev@gmail.com, adminClient.id=1, dataSource.usermanagement.hibernate.showSql=false, cas.loginUri=/login, dataSource.usermanagement.username=um_user, mail.sender.password=mqlp xnni efsg cyec, cas.jwtToken.loginPurposeCode=login.successful, dataSource.usermanagement.hibernate.hbm2ddl.auto=update, cas.port=8080, dataSource.usermanagement.password=um_user_password, cas.logoutUri=/logout, cas.jwtToken.publicKey=MIIBIjANBgkqhkiG9w0BAQEFAAOCAQ8AMIIBCgKCAQEAxXR2GT5EZIS54LAa8cY3
77Bh4UNwrjS+dApmJ5ceYQHnOqOUU+8eOwEZ2qEZlqQPTa7GLBRjDuGEskd7fWVW
+FdS6yhJbYLiosbEaGud698+NcX4Qs6VupAPUYw+k/MbyN3fOKv7SAn4HI2dQWSv
8//GN8q/yhutLYSA/H1ZO01qlIArCoctsZ62Oa/jiu9f8GtqEbM7KlqfYlrT0x1R
nKiMUmkPPAWExoncde8MvwtUMy349BtwIQSNIgzbeZWiNfryHWGYhaX78Yxaeqow
ywjZlUFWyxd6KUgccTMe+/VaXRQmmLvuWLZQB/M60BMhc7dT1
, dataSource.usermanagement.url=jdbc:mysql://localhost:3306/user_management_dev}

:::::::::: Initializing usermanagement datasource ::::::::::
Reading property: 'dataSource.usermanagement.url' - value:'jdbc:mysql://localhost:3306/user_management_dev'
Property: 'dataSource.usermanagement.driver' not found
Reading property: 'dataSource.usermanagement.username' - value:'um_user'
Reading property: 'dataSource.usermanagement.password' - value:'um_user_password'
Property: 'dataSource.usermanagement.hibernate.dialect' not found
Reading property: 'dataSource.usermanagement.hibernate.showSql' - value:'false'
Reading property: 'dataSource.usermanagement.hibernate.hbm2ddl.auto' - value:'update'
2024-04-17T21:53:53.847+05:45  INFO 15924 --- [usermanagement] [           main] o.hibernate.jpa.internal.util.LogHelper  : HHH000204: Processing PersistenceUnitInfo [name: default]
2024-04-17T21:53:53.925+05:45  INFO 15924 --- [usermanagement] [           main] org.hibernate.Version                    : HHH000412: Hibernate ORM core version 6.4.1.Final
2024-04-17T21:53:53.971+05:45  INFO 15924 --- [usermanagement] [           main] o.h.c.internal.RegionFactoryInitiator    : HHH000026: Second-level cache disabled
2024-04-17T21:53:54.400+05:45  INFO 15924 --- [usermanagement] [           main] o.s.o.j.p.SpringPersistenceUnitInfo      : No LoadTimeWeaver setup: ignoring JPA class transformer
2024-04-17T21:53:54.924+05:45  WARN 15924 --- [usermanagement] [           main] org.hibernate.orm.deprecation            : HHH90000025: MySQLDialect does not need to be specified explicitly using 'hibernate.dialect' (remove the property setting and it will be selected by default)
2024-04-17T21:53:55.957+05:45  INFO 15924 --- [usermanagement] [           main] o.h.e.t.j.p.i.JtaPlatformInitiator       : HHH000489: No JTA platform available (set 'hibernate.transaction.jta.platform' to enable JTA platform integration)
2024-04-17T21:53:56.146+05:45  INFO 15924 --- [usermanagement] [           main] j.LocalContainerEntityManagerFactoryBean : Initialized JPA EntityManagerFactory for persistence unit 'default'

:::::::::: Initializing bean creation ::::::::::

:::::::::: Initializing jwt token service ::::::::::
Reading property: 'cas.jwtToken.publicKey' - value:'MIIBIjANBgkqhkiG9w0BAQEFAAOCAQ8AMIIBCgKCAQEAxXR2GT5EZIS54LAa8cY3
77Bh4UNwrjS+dApmJ5ceYQHnOqOUU+8eOwEZ2qEZlqQPTa7GLBRjDuGEskd7fWVW
+FdS6yhJbYLiosbEaGud698+NcX4Qs6VupAPUYw+k/MbyN3fOKv7SAn4HI2dQWSv
8//GN8q/yhutLYSA/H1ZO01qlIArCoctsZ62Oa/jiu9f8GtqEbM7KlqfYlrT0x1R
nKiMUmkPPAWExoncde8MvwtUMy349BtwIQSNIgzbeZWiNfryHWGYhaX78Yxaeqow
ywjZlUFWyxd6KUgccTMe+/VaXRQmmLvuWLZQB/M60BMhc7dT1
'

:::::::::: Reading mail credential ::::::::::
Reading property: 'mail.sender.address' - value:'vcp.official.dev@gmail.com'
Reading property: 'mail.sender.password' - value:'mqlp xnni efsg cyec'
adding interceptors
2024-04-17T21:53:57.110+05:45  WARN 15924 --- [usermanagement] [           main] .s.s.UserDetailsServiceAutoConfiguration : 

Using generated security password: 8e038c09-6c0e-48c7-a5e3-e1d6d15b99f0

This generated password is for development use only. Your security configuration must be updated before running your application in production.


>>>>>>>>>> Customizing security configuration >>>>>>>>>>
2024-04-17T21:53:57.313+05:45  INFO 15924 --- [usermanagement] [           main] o.s.s.web.DefaultSecurityFilterChain     : Will secure any request with [org.springframework.security.web.session.DisableEncodeUrlFilter@367653cc, org.springframework.security.web.context.request.async.WebAsyncManagerIntegrationFilter@834b0f7, org.springframework.security.web.context.SecurityContextHolderFilter@6e6ec71f, org.springframework.security.web.header.HeaderWriterFilter@2ccb8db3, org.springframework.web.filter.CorsFilter@4c69b396, org.springframework.security.web.authentication.logout.LogoutFilter@2a9fd482, org.springframework.security.web.savedrequest.RequestCacheAwareFilter@2a23c061, org.springframework.security.web.servletapi.SecurityContextHolderAwareRequestFilter@7c6557da, org.springframework.security.web.authentication.AnonymousAuthenticationFilter@49314684, org.springframework.security.web.access.ExceptionTranslationFilter@4778c085, org.springframework.security.web.access.intercept.AuthorizationFilter@253379ec]
2024-04-17T21:53:57.616+05:45  WARN 15924 --- [usermanagement] [           main] JpaBaseConfiguration$JpaWebConfiguration : spring.jpa.open-in-view is enabled by default. Therefore, database queries may be performed during view rendering. Explicitly configure spring.jpa.open-in-view to disable this warning
2024-04-17T21:53:57.796+05:45  INFO 15924 --- [usermanagement] [           main] v.n.u.UsermanagementApplicationTests     : Started UsermanagementApplicationTests in 5.92 seconds (process running for 6.921)
]]></system-out>
    <system-err><![CDATA[WARNING: A Java agent has been loaded dynamically (C:\Users\gaman\.m2\repository\net\bytebuddy\byte-buddy-agent\1.14.10\byte-buddy-agent-1.14.10.jar)
WARNING: If a serviceability tool is in use, please run with -XX:+EnableDynamicAgentLoading to hide this warning
WARNING: If a serviceability tool is not in use, please run with -Djdk.instrument.traceUsage for more information
WARNING: Dynamic loading of agents will be disallowed by default in a future release
]]></system-err>
  </testcase>
</testsuite>